c:\users\tybet\onedrive\desktop\year3_sem1\eng\eng\debug\vc142.pdb
c:\users\tybet\onedrive\desktop\year3_sem1\eng\eng\debug\vc142.idb
c:\users\tybet\onedrive\desktop\year3_sem1\eng\eng\debug\scene.obj
c:\users\tybet\onedrive\desktop\year3_sem1\eng\eng\debug\debug.obj
c:\users\tybet\onedrive\desktop\year3_sem1\eng\eng\debug\startscene.obj
c:\users\tybet\onedrive\desktop\year3_sem1\eng\eng\debug\gamescene.obj
c:\users\tybet\onedrive\desktop\year3_sem1\eng\eng\debug\game1.obj
c:\users\tybet\onedrive\desktop\year3_sem1\eng\eng\debug\model.obj
c:\users\tybet\onedrive\desktop\year3_sem1\eng\eng\debug\mesh.obj
c:\users\tybet\onedrive\desktop\year3_sem1\eng\eng\debug\loadobjmodel.obj
c:\users\tybet\onedrive\desktop\year3_sem1\eng\eng\debug\gameobject.obj
c:\users\tybet\onedrive\desktop\year3_sem1\eng\eng\debug\main.obj
c:\users\tybet\onedrive\desktop\year3_sem1\eng\eng\debug\texturehandler.obj
c:\users\tybet\onedrive\desktop\year3_sem1\eng\eng\debug\shaderhandler.obj
c:\users\tybet\onedrive\desktop\year3_sem1\eng\eng\debug\mouseeventlistener.obj
c:\users\tybet\onedrive\desktop\year3_sem1\eng\eng\debug\eventlistener.obj
c:\users\tybet\onedrive\desktop\year3_sem1\eng\eng\debug\window.obj
c:\users\tybet\onedrive\desktop\year3_sem1\eng\eng\debug\timer.obj
c:\users\tybet\onedrive\desktop\year3_sem1\eng\eng\debug\coreengine.obj
c:\users\tybet\onedrive\desktop\year3_sem1\eng\eng\debug\camera.obj
c:\users\tybet\onedrive\desktop\year3_sem1\eng\eng\debug\scenegraphs.obj
c:\users\tybet\onedrive\desktop\year3_sem1\eng\eng\debug\matloader.obj
c:\users\tybet\onedrive\desktop\year3_sem1\eng\eng\debug\mathandler.obj
c:\users\tybet\onedrive\desktop\year3_sem1\eng\eng\debug\collisionhandler.obj
c:\users\tybet\onedrive\desktop\year3_sem1\eng\eng\debug\collisiondetection.obj
c:\users\tybet\onedrive\desktop\year3_sem1\eng\eng\debug\octspacialpartisioning.obj
c:\users\tybet\onedrive\desktop\year3_sem1\eng\debug\eng.ilk
c:\users\tybet\onedrive\desktop\year3_sem1\eng\debug\eng.exe
c:\users\tybet\onedrive\desktop\year3_sem1\eng\debug\eng.pdb
c:\users\tybet\onedrive\desktop\year3_sem1\eng\eng\debug\eng.tlog\cl.command.1.tlog
c:\users\tybet\onedrive\desktop\year3_sem1\eng\eng\debug\eng.tlog\cl.read.1.tlog
c:\users\tybet\onedrive\desktop\year3_sem1\eng\eng\debug\eng.tlog\cl.write.1.tlog
c:\users\tybet\onedrive\desktop\year3_sem1\eng\eng\debug\eng.tlog\link.command.1.tlog
c:\users\tybet\onedrive\desktop\year3_sem1\eng\eng\debug\eng.tlog\link.read.1.tlog
c:\users\tybet\onedrive\desktop\year3_sem1\eng\eng\debug\eng.tlog\link.write.1.tlog
